<?xml version="1.0" encoding="UTF-8"?>
<testsuite name="com.mobigen.eureka.EurekaApplicationTests" tests="1" skipped="0" failures="0" errors="0" timestamp="2025-02-20T11:28:20" hostname="JMJWui-MacBookPro.local" time="0.419">
  <properties/>
  <testcase name="contextLoads()" classname="com.mobigen.eureka.EurekaApplicationTests" time="0.419"/>
  <system-out><![CDATA[20:28:18.524 [Test worker] INFO org.springframework.test.context.support.AnnotationConfigContextLoaderUtils -- Could not detect default configuration classes for test class [com.mobigen.eureka.EurekaApplicationTests]: EurekaApplicationTests does not declare any static, non-private, non-final, nested classes annotated with @Configuration.
20:28:18.573 [Test worker] INFO org.springframework.boot.test.context.SpringBootTestContextBootstrapper -- Found @SpringBootConfiguration com.mobigen.eureka.EurekaApplication for test class com.mobigen.eureka.EurekaApplicationTests

  .   ____          _            __ _ _
 /\\ / ___'_ __ _ _(_)_ __  __ _ \ \ \ \
( ( )\___ | '_ | '_| | '_ \/ _` | \ \ \ \
 \\/  ___)| |_)| | | | | || (_| |  ) ) ) )
  '  |____| .__|_| |_|_| |_\__, | / / / /
 =========|_|==============|___/=/_/_/_/

 :: Spring Boot ::                (v3.4.2)

2025-02-20T20:28:18.878+09:00  INFO 44757 --- [eureka] [    Test worker] c.mobigen.eureka.EurekaApplicationTests  : Starting EurekaApplicationTests using Java 21.0.6 with PID 44757 (started by jmjw in /Users/jmjw/Documents/workspace/git_repo/eureka/msa_eureka)
2025-02-20T20:28:18.878+09:00  INFO 44757 --- [eureka] [    Test worker] c.mobigen.eureka.EurekaApplicationTests  : No active profile set, falling back to 1 default profile: "default"
2025-02-20T20:28:19.342+09:00  INFO 44757 --- [eureka] [    Test worker] o.s.cloud.context.scope.GenericScope     : BeanFactory id=b249604d-70d8-3c19-bc42-53caf5ee8031
2025-02-20T20:28:19.551+09:00  INFO 44757 --- [eureka] [    Test worker] o.s.v.b.OptionalValidatorFactoryBean     : Failed to set up a Bean Validation provider: jakarta.validation.NoProviderFoundException: Unable to create a Configuration, because no Jakarta Bean Validation provider could be found. Add a provider like Hibernate Validator (RI) to your classpath.
2025-02-20T20:28:19.931+09:00  WARN 44757 --- [eureka] [    Test worker] iguration$LoadBalancerCaffeineWarnLogger : Spring Cloud LoadBalancer is currently working with the default cache. While this cache implementation is useful for development and tests, it's recommended to use Caffeine cache in production.You can switch to using Caffeine cache, by adding it and org.springframework.cache.caffeine.CaffeineCacheManager to the classpath.
2025-02-20T20:28:20.021+09:00  INFO 44757 --- [eureka] [    Test worker] o.s.c.n.eureka.InstanceInfoFactory       : Setting initial instance status as: STARTING
2025-02-20T20:28:20.029+09:00  INFO 44757 --- [eureka] [    Test worker] com.netflix.discovery.DiscoveryClient    : Initializing Eureka in region us-east-1
2025-02-20T20:28:20.029+09:00  INFO 44757 --- [eureka] [    Test worker] com.netflix.discovery.DiscoveryClient    : Client configured to neither register nor query for data.
2025-02-20T20:28:20.030+09:00  INFO 44757 --- [eureka] [    Test worker] com.netflix.discovery.DiscoveryClient    : Discovery Client initialized at timestamp 1740050900029 with initial instances count: 0
2025-02-20T20:28:20.051+09:00  INFO 44757 --- [eureka] [    Test worker] c.n.eureka.DefaultEurekaServerContext    : Initializing ...
2025-02-20T20:28:20.052+09:00  INFO 44757 --- [eureka] [    Test worker] c.n.eureka.cluster.PeerEurekaNodes       : Adding new peer nodes [http://localhost:8761/eureka/]
2025-02-20T20:28:20.115+09:00  INFO 44757 --- [eureka] [    Test worker] c.n.d.provider.DiscoveryJerseyProvider   : Using JSON encoding codec LegacyJacksonJson
2025-02-20T20:28:20.115+09:00  INFO 44757 --- [eureka] [    Test worker] c.n.d.provider.DiscoveryJerseyProvider   : Using JSON decoding codec LegacyJacksonJson
2025-02-20T20:28:20.115+09:00  INFO 44757 --- [eureka] [    Test worker] c.n.d.provider.DiscoveryJerseyProvider   : Using XML encoding codec XStreamXml
2025-02-20T20:28:20.115+09:00  INFO 44757 --- [eureka] [    Test worker] c.n.d.provider.DiscoveryJerseyProvider   : Using XML decoding codec XStreamXml
2025-02-20T20:28:20.144+09:00  INFO 44757 --- [eureka] [    Test worker] c.n.eureka.cluster.PeerEurekaNodes       : Replica node URL:  http://localhost:8761/eureka/
2025-02-20T20:28:20.147+09:00  INFO 44757 --- [eureka] [    Test worker] c.n.e.registry.AbstractInstanceRegistry  : Finished initializing remote region registries. All known remote regions: []
2025-02-20T20:28:20.147+09:00  INFO 44757 --- [eureka] [    Test worker] c.n.eureka.DefaultEurekaServerContext    : Initialized
2025-02-20T20:28:20.197+09:00  INFO 44757 --- [eureka] [    Test worker] o.s.b.a.e.web.EndpointLinksResolver      : Exposing 1 endpoint beneath base path '/actuator'
2025-02-20T20:28:20.230+09:00  INFO 44757 --- [eureka] [    Test worker] o.s.c.n.e.s.EurekaServiceRegistry        : Registering application EUREKA with eureka with status UP
2025-02-20T20:28:20.244+09:00  INFO 44757 --- [eureka] [      Thread-12] o.s.c.n.e.server.EurekaServerBootstrap   : isAws returned false
2025-02-20T20:28:20.245+09:00  INFO 44757 --- [eureka] [      Thread-12] o.s.c.n.e.server.EurekaServerBootstrap   : Initialized server context
2025-02-20T20:28:20.245+09:00  INFO 44757 --- [eureka] [      Thread-12] c.n.e.r.PeerAwareInstanceRegistryImpl    : Got 1 instances from neighboring DS node
2025-02-20T20:28:20.245+09:00  INFO 44757 --- [eureka] [      Thread-12] c.n.e.r.PeerAwareInstanceRegistryImpl    : Renew threshold is: 1
2025-02-20T20:28:20.245+09:00  INFO 44757 --- [eureka] [      Thread-12] c.n.e.r.PeerAwareInstanceRegistryImpl    : Changing status to UP
2025-02-20T20:28:20.249+09:00  INFO 44757 --- [eureka] [      Thread-12] e.s.EurekaServerInitializerConfiguration : Started Eureka Server
2025-02-20T20:28:20.253+09:00  INFO 44757 --- [eureka] [    Test worker] c.mobigen.eureka.EurekaApplicationTests  : Started EurekaApplicationTests in 1.529 seconds (process running for 2.105)
]]></system-out>
  <system-err><![CDATA[Mockito is currently self-attaching to enable the inline-mock-maker. This will no longer work in future releases of the JDK. Please add Mockito as an agent to your build what is described in Mockito's documentation: https://javadoc.io/doc/org.mockito/mockito-core/latest/org/mockito/Mockito.html#0.3
WARNING: A Java agent has been loaded dynamically (/Users/jmjw/.gradle/caches/modules-2/files-2.1/net.bytebuddy/byte-buddy-agent/1.15.11/a38b16385e867f59a641330f0362ebe742788ed8/byte-buddy-agent-1.15.11.jar)
WARNING: If a serviceability tool is in use, please run with -XX:+EnableDynamicAgentLoading to hide this warning
WARNING: If a serviceability tool is not in use, please run with -Djdk.instrument.traceUsage for more information
WARNING: Dynamic loading of agents will be disallowed by default in a future release
]]></system-err>
</testsuite>
